<?xml version="1.0" encoding="UTF-8"?>
<!-- Generated by org.testng.reporters.JUnitReportReporter -->
<testsuite hostname="TL0017" failures="0" tests="1" name="testcase.CreateLeadTc" time="58.506" errors="0" timestamp="2022-11-19T12:45:59 IST" skipped="0">
  <testcase classname="testcase.CreateLeadTc" name="runLead" time="58.506"/>
  <system-out/>
</testsuite> <!-- testcase.CreateLeadTc -->
