<?xml version="1.0" encoding="UTF-8"?>
<!-- Generated by org.testng.reporters.JUnitReportReporter -->
<testsuite hostname="TL0017" failures="0" tests="1" name="testcase.runLead" time="56.042" errors="0" timestamp="2022-11-19T11:17:56 IST" skipped="0">
  <testcase classname="testcase.runLead" name="runLead" time="56.042"/>
  <system-out/>
</testsuite> <!-- testcase.runLead -->
